# JRE version: OpenJDK Runtime Environment (21.0.6) (build 21.0.6+-13119726-b895.91)
# Java VM: OpenJDK 64-Bit Server VM (21.0.6+-13119726-b895.91, mixed mode, tiered, compressed oops, compressed class ptrs, g1 gc, windows-amd64)
GC Precious Log:
 CardTable entry size: 512
 Card Set container configuration: InlinePtr #cards 5 size 8 Array Of Cards #cards 12 size 40 Howl #buckets 4 coarsen threshold 1843 Howl Bitmap #cards 512 size 80 coarsen threshold 460 Card regions per heap region 1 cards per card region 2048
 CPUs: 16 total, 16 available
 Memory: 15556M
 Large Page Support: Disabled
 NUMA Support: Disabled
 Compressed Oops: Enabled (32-bit)
 Heap Region Size: 1M
 Heap Min Capacity: 8M
 Heap Initial Capacity: 244M
 Heap Max Capacity: 2G
 Pre-touch: Disabled
 Parallel Workers: 13
 Concurrent Workers: 3
 Concurrent Refinement Workers: 13
 Periodic GC: Disabled
Heap:
 garbage-first heap   total 220160K, used 165389K [0x0000000080000000, 0x0000000100000000)
  region size 1024K, 28 young (28672K), 6 survivors (6144K)
 Metaspace       used 129101K, committed 131456K, reserved 1179648K
  class space    used 17007K, committed 18176K, reserved 1048576K
GC Heap History (20 events):
Event: 19.983 GC heap before
{Heap before GC invocations=42 (full 0):
 garbage-first heap   total 196608K, used 162897K [0x0000000080000000, 0x0000000100000000)
  region size 1024K, 56 young (57344K), 7 survivors (7168K)
 Metaspace       used 116554K, committed 118720K, reserved 1179648K
  class space    used 15657K, committed 16768K, reserved 1048576K
}
Event: 19.987 GC heap after
{Heap after GC invocations=43 (full 0):
 garbage-first heap   total 196608K, used 117539K [0x0000000080000000, 0x0000000100000000)
  region size 1024K, 4 young (4096K), 4 survivors (4096K)
 Metaspace       used 116554K, committed 118720K, reserved 1179648K
  class space    used 15657K, committed 16768K, reserved 1048576K
}
Event: 20.428 GC heap before
{Heap before GC invocations=43 (full 0):
 garbage-first heap   total 196608K, used 167715K [0x0000000080000000, 0x0000000100000000)
  region size 1024K, 54 young (55296K), 4 survivors (4096K)
 Metaspace       used 117045K, committed 119232K, reserved 1179648K
  class space    used 15755K, committed 16896K, reserved 1048576K
}
Event: 20.432 GC heap after
{Heap after GC invocations=44 (full 0):
 garbage-first heap   total 196608K, used 119736K [0x0000000080000000, 0x0000000100000000)
  region size 1024K, 7 young (7168K), 7 survivors (7168K)
 Metaspace       used 117045K, committed 119232K, reserved 1179648K
  class space    used 15755K, committed 16896K, reserved 1048576K
}
Event: 20.851 GC heap before
{Heap before GC invocations=45 (full 0):
 garbage-first heap   total 201728K, used 169912K [0x0000000080000000, 0x0000000100000000)
  region size 1024K, 57 young (58368K), 7 survivors (7168K)
 Metaspace       used 117139K, committed 119360K, reserved 1179648K
  class space    used 15766K, committed 16896K, reserved 1048576K
}
Event: 20.855 GC heap after
{Heap after GC invocations=46 (full 0):
 garbage-first heap   total 201728K, used 121326K [0x0000000080000000, 0x0000000100000000)
  region size 1024K, 5 young (5120K), 5 survivors (5120K)
 Metaspace       used 117139K, committed 119360K, reserved 1179648K
  class space    used 15766K, committed 16896K, reserved 1048576K
}
Event: 21.556 GC heap before
{Heap before GC invocations=46 (full 0):
 garbage-first heap   total 201728K, used 175598K [0x0000000080000000, 0x0000000100000000)
  region size 1024K, 59 young (60416K), 5 survivors (5120K)
 Metaspace       used 117414K, committed 119616K, reserved 1179648K
  class space    used 15797K, committed 16896K, reserved 1048576K
}
Event: 21.561 GC heap after
{Heap after GC invocations=47 (full 0):
 garbage-first heap   total 201728K, used 122554K [0x0000000080000000, 0x0000000100000000)
  region size 1024K, 7 young (7168K), 7 survivors (7168K)
 Metaspace       used 117414K, committed 119616K, reserved 1179648K
  class space    used 15797K, committed 16896K, reserved 1048576K
}
Event: 21.976 GC heap before
{Heap before GC invocations=47 (full 0):
 garbage-first heap   total 201728K, used 178874K [0x0000000080000000, 0x0000000100000000)
  region size 1024K, 63 young (64512K), 7 survivors (7168K)
 Metaspace       used 117544K, committed 119808K, reserved 1179648K
  class space    used 15807K, committed 16960K, reserved 1048576K
}
Event: 21.980 GC heap after
{Heap after GC invocations=48 (full 0):
 garbage-first heap   total 201728K, used 124801K [0x0000000080000000, 0x0000000100000000)
  region size 1024K, 5 young (5120K), 5 survivors (5120K)
 Metaspace       used 117544K, committed 119808K, reserved 1179648K
  class space    used 15807K, committed 16960K, reserved 1048576K
}
Event: 22.515 GC heap before
{Heap before GC invocations=49 (full 0):
 garbage-first heap   total 209920K, used 180097K [0x0000000080000000, 0x0000000100000000)
  region size 1024K, 60 young (61440K), 5 survivors (5120K)
 Metaspace       used 117581K, committed 119808K, reserved 1179648K
  class space    used 15809K, committed 16960K, reserved 1048576K
}
Event: 22.519 GC heap after
{Heap after GC invocations=50 (full 0):
 garbage-first heap   total 209920K, used 125788K [0x0000000080000000, 0x0000000100000000)
  region size 1024K, 6 young (6144K), 6 survivors (6144K)
 Metaspace       used 117581K, committed 119808K, reserved 1179648K
  class space    used 15809K, committed 16960K, reserved 1048576K
}
Event: 23.221 GC heap before
{Heap before GC invocations=50 (full 0):
 garbage-first heap   total 209920K, used 189276K [0x0000000080000000, 0x0000000100000000)
  region size 1024K, 69 young (70656K), 6 survivors (6144K)
 Metaspace       used 122207K, committed 124480K, reserved 1179648K
  class space    used 16256K, committed 17408K, reserved 1048576K
}
Event: 23.226 GC heap after
{Heap after GC invocations=51 (full 0):
 garbage-first heap   total 209920K, used 126181K [0x0000000080000000, 0x0000000100000000)
  region size 1024K, 6 young (6144K), 6 survivors (6144K)
 Metaspace       used 122207K, committed 124480K, reserved 1179648K
  class space    used 16256K, committed 17408K, reserved 1048576K
}
Event: 27.429 GC heap before
{Heap before GC invocations=51 (full 0):
 garbage-first heap   total 209920K, used 189669K [0x0000000080000000, 0x0000000100000000)
  region size 1024K, 69 young (70656K), 6 survivors (6144K)
 Metaspace       used 124233K, committed 126464K, reserved 1179648K
  class space    used 16420K, committed 17536K, reserved 1048576K
}
Event: 27.434 GC heap after
{Heap after GC invocations=52 (full 0):
 garbage-first heap   total 209920K, used 130627K [0x0000000080000000, 0x0000000100000000)
  region size 1024K, 9 young (9216K), 9 survivors (9216K)
 Metaspace       used 124233K, committed 126464K, reserved 1179648K
  class space    used 16420K, committed 17536K, reserved 1048576K
}
Event: 28.073 GC heap before
{Heap before GC invocations=53 (full 0):
 garbage-first heap   total 220160K, used 186947K [0x0000000080000000, 0x0000000100000000)
  region size 1024K, 64 young (65536K), 9 survivors (9216K)
 Metaspace       used 124586K, committed 126784K, reserved 1179648K
  class space    used 16421K, committed 17536K, reserved 1048576K
}
Event: 28.084 GC heap after
{Heap after GC invocations=54 (full 0):
 garbage-first heap   total 220160K, used 139189K [0x0000000080000000, 0x0000000100000000)
  region size 1024K, 8 young (8192K), 8 survivors (8192K)
 Metaspace       used 124586K, committed 126784K, reserved 1179648K
  class space    used 16421K, committed 17536K, reserved 1048576K
}
Event: 28.964 GC heap before
{Heap before GC invocations=54 (full 0):
 garbage-first heap   total 220160K, used 198581K [0x0000000080000000, 0x0000000100000000)
  region size 1024K, 67 young (68608K), 8 survivors (8192K)
 Metaspace       used 127471K, committed 129728K, reserved 1179648K
  class space    used 16756K, committed 17920K, reserved 1048576K
}
Event: 28.975 GC heap after
{Heap after GC invocations=55 (full 0):
 garbage-first heap   total 220160K, used 144909K [0x0000000080000000, 0x0000000100000000)
  region size 1024K, 6 young (6144K), 6 survivors (6144K)
 Metaspace       used 127471K, committed 129728K, reserved 1179648K
  class space    used 16756K, committed 17920K, reserved 1048576K
}

