# JRE version: OpenJDK Runtime Environment (21.0.6) (build 21.0.6+-13119726-b895.91)
# Java VM: OpenJDK 64-Bit Server VM (21.0.6+-13119726-b895.91, mixed mode, tiered, compressed oops, compressed class ptrs, g1 gc, windows-amd64)
GC Precious Log:
 CardTable entry size: 512
 Card Set container configuration: InlinePtr #cards 5 size 8 Array Of Cards #cards 12 size 40 Howl #buckets 4 coarsen threshold 1843 Howl Bitmap #cards 512 size 80 coarsen threshold 460 Card regions per heap region 1 cards per card region 2048
 CPUs: 16 total, 16 available
 Memory: 15556M
 Large Page Support: Disabled
 NUMA Support: Disabled
 Compressed Oops: Enabled (32-bit)
 Heap Region Size: 1M
 Heap Min Capacity: 8M
 Heap Initial Capacity: 244M
 Heap Max Capacity: 2G
 Pre-touch: Disabled
 Parallel Workers: 13
 Concurrent Workers: 3
 Concurrent Refinement Workers: 13
 Periodic GC: Disabled
Heap:
 garbage-first heap   total 165888K, used 109798K [0x0000000080000000, 0x0000000100000000)
  region size 1024K, 13 young (13312K), 7 survivors (7168K)
 Metaspace       used 113351K, committed 115520K, reserved 1179648K
  class space    used 15320K, committed 16448K, reserved 1048576K
GC Heap History (20 events):
Event: 9.116 GC heap before
{Heap before GC invocations=23 (full 0):
 garbage-first heap   total 135168K, used 122648K [0x0000000080000000, 0x0000000100000000)
  region size 1024K, 47 young (48128K), 2 survivors (2048K)
 Metaspace       used 79721K, committed 81600K, reserved 1179648K
  class space    used 10611K, committed 11520K, reserved 1048576K
}
Event: 9.120 GC heap after
{Heap after GC invocations=24 (full 0):
 garbage-first heap   total 135168K, used 80633K [0x0000000080000000, 0x0000000100000000)
  region size 1024K, 6 young (6144K), 6 survivors (6144K)
 Metaspace       used 79721K, committed 81600K, reserved 1179648K
  class space    used 10611K, committed 11520K, reserved 1048576K
}
Event: 9.561 GC heap before
{Heap before GC invocations=24 (full 0):
 garbage-first heap   total 135168K, used 121593K [0x0000000080000000, 0x0000000100000000)
  region size 1024K, 45 young (46080K), 6 survivors (6144K)
 Metaspace       used 82450K, committed 84352K, reserved 1179648K
  class space    used 10967K, committed 11904K, reserved 1048576K
}
Event: 9.566 GC heap after
{Heap after GC invocations=25 (full 0):
 garbage-first heap   total 135168K, used 80352K [0x0000000080000000, 0x0000000100000000)
  region size 1024K, 3 young (3072K), 3 survivors (3072K)
 Metaspace       used 82450K, committed 84352K, reserved 1179648K
  class space    used 10967K, committed 11904K, reserved 1048576K
}
Event: 10.102 GC heap before
{Heap before GC invocations=25 (full 0):
 garbage-first heap   total 135168K, used 121312K [0x0000000080000000, 0x0000000100000000)
  region size 1024K, 43 young (44032K), 3 survivors (3072K)
 Metaspace       used 86805K, committed 88704K, reserved 1179648K
  class space    used 11505K, committed 12480K, reserved 1048576K
}
Event: 10.106 GC heap after
{Heap after GC invocations=26 (full 0):
 garbage-first heap   total 135168K, used 82581K [0x0000000080000000, 0x0000000100000000)
  region size 1024K, 5 young (5120K), 5 survivors (5120K)
 Metaspace       used 86805K, committed 88704K, reserved 1179648K
  class space    used 11505K, committed 12480K, reserved 1048576K
}
Event: 10.593 GC heap before
{Heap before GC invocations=27 (full 0):
 garbage-first heap   total 138240K, used 121493K [0x0000000080000000, 0x0000000100000000)
  region size 1024K, 43 young (44032K), 5 survivors (5120K)
 Metaspace       used 89908K, committed 91840K, reserved 1179648K
  class space    used 11913K, committed 12928K, reserved 1048576K
}
Event: 10.597 GC heap after
{Heap after GC invocations=28 (full 0):
 garbage-first heap   total 165888K, used 83764K [0x0000000080000000, 0x0000000100000000)
  region size 1024K, 4 young (4096K), 4 survivors (4096K)
 Metaspace       used 89908K, committed 91840K, reserved 1179648K
  class space    used 11913K, committed 12928K, reserved 1048576K
}
Event: 11.713 GC heap before
{Heap before GC invocations=28 (full 0):
 garbage-first heap   total 165888K, used 154420K [0x0000000080000000, 0x0000000100000000)
  region size 1024K, 70 young (71680K), 4 survivors (4096K)
 Metaspace       used 92528K, committed 94528K, reserved 1179648K
  class space    used 12288K, committed 13312K, reserved 1048576K
}
Event: 11.720 GC heap after
{Heap after GC invocations=29 (full 0):
 garbage-first heap   total 165888K, used 92087K [0x0000000080000000, 0x0000000100000000)
  region size 1024K, 9 young (9216K), 9 survivors (9216K)
 Metaspace       used 92528K, committed 94528K, reserved 1179648K
  class space    used 12288K, committed 13312K, reserved 1048576K
}
Event: 12.312 GC heap before
{Heap before GC invocations=29 (full 0):
 garbage-first heap   total 165888K, used 147383K [0x0000000080000000, 0x0000000100000000)
  region size 1024K, 63 young (64512K), 9 survivors (9216K)
 Metaspace       used 96812K, committed 98816K, reserved 1179648K
  class space    used 12889K, committed 13888K, reserved 1048576K
}
Event: 12.317 GC heap after
{Heap after GC invocations=30 (full 0):
 garbage-first heap   total 165888K, used 94430K [0x0000000080000000, 0x0000000100000000)
  region size 1024K, 3 young (3072K), 3 survivors (3072K)
 Metaspace       used 96812K, committed 98816K, reserved 1179648K
  class space    used 12889K, committed 13888K, reserved 1048576K
}
Event: 12.984 GC heap before
{Heap before GC invocations=30 (full 0):
 garbage-first heap   total 165888K, used 151774K [0x0000000080000000, 0x0000000100000000)
  region size 1024K, 59 young (60416K), 3 survivors (3072K)
 Metaspace       used 101428K, committed 103488K, reserved 1179648K
  class space    used 13677K, committed 14720K, reserved 1048576K
}
Event: 12.988 GC heap after
{Heap after GC invocations=31 (full 0):
 garbage-first heap   total 165888K, used 96311K [0x0000000080000000, 0x0000000100000000)
  region size 1024K, 5 young (5120K), 5 survivors (5120K)
 Metaspace       used 101428K, committed 103488K, reserved 1179648K
  class space    used 13677K, committed 14720K, reserved 1048576K
}
Event: 13.590 GC heap before
{Heap before GC invocations=32 (full 0):
 garbage-first heap   total 165888K, used 150583K [0x0000000080000000, 0x0000000100000000)
  region size 1024K, 58 young (59392K), 5 survivors (5120K)
 Metaspace       used 105188K, committed 107328K, reserved 1179648K
  class space    used 14269K, committed 15360K, reserved 1048576K
}
Event: 13.595 GC heap after
{Heap after GC invocations=33 (full 0):
 garbage-first heap   total 165888K, used 99105K [0x0000000080000000, 0x0000000100000000)
  region size 1024K, 7 young (7168K), 7 survivors (7168K)
 Metaspace       used 105188K, committed 107328K, reserved 1179648K
  class space    used 14269K, committed 15360K, reserved 1048576K
}
Event: 14.178 GC heap before
{Heap before GC invocations=33 (full 0):
 garbage-first heap   total 165888K, used 149281K [0x0000000080000000, 0x0000000100000000)
  region size 1024K, 56 young (57344K), 7 survivors (7168K)
 Metaspace       used 110055K, committed 112128K, reserved 1179648K
  class space    used 14944K, committed 16000K, reserved 1048576K
}
Event: 14.184 GC heap after
{Heap after GC invocations=34 (full 0):
 garbage-first heap   total 165888K, used 100346K [0x0000000080000000, 0x0000000100000000)
  region size 1024K, 6 young (6144K), 6 survivors (6144K)
 Metaspace       used 110055K, committed 112128K, reserved 1179648K
  class space    used 14944K, committed 16000K, reserved 1048576K
}
Event: 15.759 GC heap before
{Heap before GC invocations=34 (full 0):
 garbage-first heap   total 165888K, used 149498K [0x0000000080000000, 0x0000000100000000)
  region size 1024K, 55 young (56320K), 6 survivors (6144K)
 Metaspace       used 113199K, committed 115392K, reserved 1179648K
  class space    used 15309K, committed 16448K, reserved 1048576K
}
Event: 15.767 GC heap after
{Heap after GC invocations=35 (full 0):
 garbage-first heap   total 165888K, used 104678K [0x0000000080000000, 0x0000000100000000)
  region size 1024K, 7 young (7168K), 7 survivors (7168K)
 Metaspace       used 113199K, committed 115392K, reserved 1179648K
  class space    used 15309K, committed 16448K, reserved 1048576K
}

