# JRE version: OpenJDK Runtime Environment (21.0.6) (build 21.0.6+-13119726-b895.91)
# Java VM: OpenJDK 64-Bit Server VM (21.0.6+-13119726-b895.91, mixed mode, tiered, compressed oops, compressed class ptrs, g1 gc, windows-amd64)
GC Precious Log:
 CardTable entry size: 512
 Card Set container configuration: InlinePtr #cards 5 size 8 Array Of Cards #cards 12 size 40 Howl #buckets 4 coarsen threshold 1843 Howl Bitmap #cards 512 size 80 coarsen threshold 460 Card regions per heap region 1 cards per card region 2048
 CPUs: 16 total, 16 available
 Memory: 15556M
 Large Page Support: Disabled
 NUMA Support: Disabled
 Compressed Oops: Enabled (32-bit)
 Heap Region Size: 1M
 Heap Min Capacity: 8M
 Heap Initial Capacity: 244M
 Heap Max Capacity: 2G
 Pre-touch: Disabled
 Parallel Workers: 13
 Concurrent Workers: 3
 Concurrent Refinement Workers: 13
 Periodic GC: Disabled
Heap:
 garbage-first heap   total 295936K, used 141658K [0x0000000080000000, 0x0000000100000000)
  region size 1024K, 4 young (4096K), 3 survivors (3072K)
 Metaspace       used 152929K, committed 155456K, reserved 1245184K
  class space    used 20549K, committed 21824K, reserved 1048576K
GC Heap History (20 events):
Event: 29.521 GC heap before
{Heap before GC invocations=54 (full 0):
 garbage-first heap   total 246784K, used 226700K [0x0000000080000000, 0x0000000100000000)
  region size 1024K, 99 young (101376K), 5 survivors (5120K)
 Metaspace       used 127977K, committed 130240K, reserved 1179648K
  class space    used 16873K, committed 17984K, reserved 1048576K
}
Event: 29.529 GC heap after
{Heap after GC invocations=55 (full 0):
 garbage-first heap   total 246784K, used 141936K [0x0000000080000000, 0x0000000100000000)
  region size 1024K, 13 young (13312K), 13 survivors (13312K)
 Metaspace       used 127977K, committed 130240K, reserved 1179648K
  class space    used 16873K, committed 17984K, reserved 1048576K
}
Event: 139.284 GC heap before
{Heap before GC invocations=56 (full 0):
 garbage-first heap   total 246784K, used 218736K [0x0000000080000000, 0x0000000100000000)
  region size 1024K, 89 young (91136K), 13 survivors (13312K)
 Metaspace       used 128171K, committed 130432K, reserved 1179648K
  class space    used 16879K, committed 17984K, reserved 1048576K
}
Event: 139.291 GC heap after
{Heap after GC invocations=57 (full 0):
 garbage-first heap   total 246784K, used 148204K [0x0000000080000000, 0x0000000100000000)
  region size 1024K, 7 young (7168K), 7 survivors (7168K)
 Metaspace       used 128171K, committed 130432K, reserved 1179648K
  class space    used 16879K, committed 17984K, reserved 1048576K
}
Event: 140.277 GC heap before
{Heap before GC invocations=57 (full 0):
 garbage-first heap   total 246784K, used 223980K [0x0000000080000000, 0x0000000100000000)
  region size 1024K, 82 young (83968K), 7 survivors (7168K)
 Metaspace       used 128615K, committed 130816K, reserved 1179648K
  class space    used 16927K, committed 18048K, reserved 1048576K
}
Event: 140.285 GC heap after
{Heap after GC invocations=58 (full 0):
 garbage-first heap   total 246784K, used 156254K [0x0000000080000000, 0x0000000100000000)
  region size 1024K, 11 young (11264K), 11 survivors (11264K)
 Metaspace       used 128615K, committed 130816K, reserved 1179648K
  class space    used 16927K, committed 18048K, reserved 1048576K
}
Event: 166.138 GC heap before
{Heap before GC invocations=58 (full 0):
 garbage-first heap   total 246784K, used 220766K [0x0000000080000000, 0x0000000100000000)
  region size 1024K, 75 young (76800K), 11 survivors (11264K)
 Metaspace       used 133496K, committed 135872K, reserved 1179648K
  class space    used 17572K, committed 18752K, reserved 1048576K
}
Event: 166.146 GC heap after
{Heap after GC invocations=59 (full 0):
 garbage-first heap   total 246784K, used 162891K [0x0000000080000000, 0x0000000100000000)
  region size 1024K, 6 young (6144K), 6 survivors (6144K)
 Metaspace       used 133496K, committed 135872K, reserved 1179648K
  class space    used 17572K, committed 18752K, reserved 1048576K
}
Event: 167.003 GC heap before
{Heap before GC invocations=60 (full 0):
 garbage-first heap   total 273408K, used 224331K [0x0000000080000000, 0x0000000100000000)
  region size 1024K, 67 young (68608K), 6 survivors (6144K)
 Metaspace       used 140853K, committed 143232K, reserved 1179648K
  class space    used 18651K, committed 19840K, reserved 1048576K
}
Event: 167.007 GC heap after
{Heap after GC invocations=61 (full 0):
 garbage-first heap   total 273408K, used 164960K [0x0000000080000000, 0x0000000100000000)
  region size 1024K, 3 young (3072K), 3 survivors (3072K)
 Metaspace       used 140853K, committed 143232K, reserved 1179648K
  class space    used 18651K, committed 19840K, reserved 1048576K
}
Event: 167.852 GC heap before
{Heap before GC invocations=61 (full 0):
 garbage-first heap   total 273408K, used 252000K [0x0000000080000000, 0x0000000100000000)
  region size 1024K, 89 young (91136K), 3 survivors (3072K)
 Metaspace       used 150297K, committed 152768K, reserved 1245184K
  class space    used 20179K, committed 21440K, reserved 1048576K
}
Event: 167.859 GC heap after
{Heap after GC invocations=62 (full 0):
 garbage-first heap   total 273408K, used 157109K [0x0000000080000000, 0x0000000100000000)
  region size 1024K, 3 young (3072K), 3 survivors (3072K)
 Metaspace       used 150297K, committed 152768K, reserved 1245184K
  class space    used 20179K, committed 21440K, reserved 1048576K
}
Event: 168.160 GC heap before
{Heap before GC invocations=62 (full 0):
 garbage-first heap   total 273408K, used 174517K [0x0000000080000000, 0x0000000100000000)
  region size 1024K, 22 young (22528K), 3 survivors (3072K)
 Metaspace       used 151722K, committed 154240K, reserved 1245184K
  class space    used 20444K, committed 21696K, reserved 1048576K
}
Event: 168.164 GC heap after
{Heap after GC invocations=63 (full 0):
 garbage-first heap   total 273408K, used 157421K [0x0000000080000000, 0x0000000100000000)
  region size 1024K, 3 young (3072K), 3 survivors (3072K)
 Metaspace       used 151722K, committed 154240K, reserved 1245184K
  class space    used 20444K, committed 21696K, reserved 1048576K
}
Event: 171.834 GC heap before
{Heap before GC invocations=64 (full 0):
 garbage-first heap   total 295936K, used 274157K [0x0000000080000000, 0x0000000100000000)
  region size 1024K, 98 young (100352K), 3 survivors (3072K)
 Metaspace       used 151946K, committed 154432K, reserved 1245184K
  class space    used 20451K, committed 21696K, reserved 1048576K
}
Event: 171.841 GC heap after
{Heap after GC invocations=65 (full 0):
 garbage-first heap   total 295936K, used 162340K [0x0000000080000000, 0x0000000100000000)
  region size 1024K, 13 young (13312K), 13 survivors (13312K)
 Metaspace       used 151946K, committed 154432K, reserved 1245184K
  class space    used 20451K, committed 21696K, reserved 1048576K
}
Event: 354.245 GC heap before
{Heap before GC invocations=65 (full 0):
 garbage-first heap   total 295936K, used 265764K [0x0000000080000000, 0x0000000100000000)
  region size 1024K, 115 young (117760K), 13 survivors (13312K)
 Metaspace       used 152104K, committed 154560K, reserved 1245184K
  class space    used 20452K, committed 21696K, reserved 1048576K
}
Event: 354.251 GC heap after
{Heap after GC invocations=66 (full 0):
 garbage-first heap   total 295936K, used 148393K [0x0000000080000000, 0x0000000100000000)
  region size 1024K, 5 young (5120K), 5 survivors (5120K)
 Metaspace       used 152104K, committed 154560K, reserved 1245184K
  class space    used 20452K, committed 21696K, reserved 1048576K
}
Event: 376.211 GC heap before
{Heap before GC invocations=66 (full 0):
 garbage-first heap   total 295936K, used 273321K [0x0000000080000000, 0x0000000100000000)
  region size 1024K, 128 young (131072K), 5 survivors (5120K)
 Metaspace       used 152946K, committed 155456K, reserved 1245184K
  class space    used 20554K, committed 21824K, reserved 1048576K
}
Event: 376.216 GC heap after
{Heap after GC invocations=67 (full 0):
 garbage-first heap   total 295936K, used 145754K [0x0000000080000000, 0x0000000100000000)
  region size 1024K, 3 young (3072K), 3 survivors (3072K)
 Metaspace       used 152946K, committed 155456K, reserved 1245184K
  class space    used 20554K, committed 21824K, reserved 1048576K
}

